e:\zlkj\开发\block_ex\x64\debug\cmd_block_unique.obj
e:\zlkj\开发\block_ex\x64\debug\cmd_zl_keel.obj
e:\zlkj\开发\block_ex\x64\debug\cmd_zl_logo.obj
e:\zlkj\开发\block_ex\x64\debug\cmd_zl_marker.obj
e:\zlkj\开发\block_ex\x64\debug\cmd_zl_marker_crv.obj
e:\zlkj\开发\block_ex\x64\debug\cmd_zl_section.obj
e:\zlkj\开发\block_ex\x64\debug\stdafx.obj
e:\zlkj\开发\block_ex\x64\debug\zlkj_extern_c.obj
e:\zlkj\开发\block_ex\x64\debug\zlkj_get_plane.obj
e:\zlkj\开发\block_ex\x64\debug\zlkj_keel_object.obj
e:\zlkj\开发\block_ex\x64\debug\zlkj_keel_user_data.obj
e:\zlkj\开发\block_ex\x64\debug\zlkj_logo_event_watcher.obj
e:\zlkj\开发\block_ex\x64\debug\zlkj_logo_object.obj
e:\zlkj\开发\block_ex\x64\debug\zlkj_logo_user_data.obj
e:\zlkj\开发\block_ex\x64\debug\zlkj_marker_object.obj
e:\zlkj\开发\block_ex\x64\debug\zlkj_marker_user_data.obj
e:\zlkj\开发\block_ex\x64\debug\zlkj_rh_app.obj
e:\zlkj\开发\block_ex\x64\debug\zlkj_rh_plugin.obj
e:\zlkj\开发\block_ex\x64\debug\zlkj_sdk.obj
e:\zlkj\开发\block_ex\x64\debug\zlkj_section_event_watcher.obj
e:\zlkj\开发\block_ex\x64\debug\zlkj_section_grips.obj
e:\zlkj\开发\block_ex\x64\debug\zlkj_section_object.obj
e:\zlkj\开发\block_ex\x64\debug\zlkj_rh.res
e:\zlkj\开发\block_ex\x64\debug\zlkj_rh.pch
e:\zlkj\开发\block_ex\x64\debug\vc142.pdb
