e:\zlkj\开发\block_ex\block_c\x64\debug\blockeditex.lib
e:\zlkj\开发\block_ex\block_c\x64\debug\blockeditex.exp
e:\zlkj\开发\block_ex\block_c\x64\debug\blockeditex.pch
e:\zlkj\开发\block_ex\block_c\x64\debug\vc142.pdb
e:\zlkj\开发\block_ex\block_c\x64\debug\stdafx.obj
e:\zlkj\开发\block_ex\block_c\x64\debug\block_plugin.obj
e:\zlkj\开发\block_ex\block_c\x64\debug\block_app.obj
e:\zlkj\开发\block_ex\block_c\x64\debug\get_point.obj
e:\zlkj\开发\block_ex\block_c\x64\debug\event_watcher.obj
e:\zlkj\开发\block_ex\block_c\x64\debug\editor_form.obj
e:\zlkj\开发\block_ex\block_c\x64\debug\cmd_replace_block_obj.obj
e:\zlkj\开发\block_ex\block_c\x64\debug\cmd_replace_block.obj
e:\zlkj\开发\block_ex\block_c\x64\debug\cmd_rename_block.obj
e:\zlkj\开发\block_ex\block_c\x64\debug\cmd_relocation_block.obj
e:\zlkj\开发\block_ex\block_c\x64\debug\cmd_block_unique.obj
e:\zlkj\开发\block_ex\block_c\x64\debug\cmd_block_edit.obj
e:\zlkj\开发\block_ex\block_c\x64\debug\blockeditex.ilk
e:\zlkj\开发\block_ex\block_c\x64\debug\blockeditex.rhp
e:\zlkj\开发\block_ex\block_c\x64\debug\blockeditex.pdb
e:\zlkj\开发\block_ex\block_c\x64\debug\blockeditex.res
e:\zlkj\开发\block_ex\block_c\x64\debug\blockeditex.tlog\blockeditex.write.1u.tlog
e:\zlkj\开发\block_ex\block_c\x64\debug\blockeditex.tlog\cl.command.1.tlog
e:\zlkj\开发\block_ex\block_c\x64\debug\blockeditex.tlog\cl.read.1.tlog
e:\zlkj\开发\block_ex\block_c\x64\debug\blockeditex.tlog\cl.write.1.tlog
e:\zlkj\开发\block_ex\block_c\x64\debug\blockeditex.tlog\link.command.1.tlog
e:\zlkj\开发\block_ex\block_c\x64\debug\blockeditex.tlog\link.read.1.tlog
e:\zlkj\开发\block_ex\block_c\x64\debug\blockeditex.tlog\link.write.1.tlog
e:\zlkj\开发\block_ex\block_c\x64\debug\blockeditex.tlog\rc.command.1.tlog
e:\zlkj\开发\block_ex\block_c\x64\debug\blockeditex.tlog\rc.read.1.tlog
e:\zlkj\开发\block_ex\block_c\x64\debug\blockeditex.tlog\rc.write.1.tlog
