e:\zlkj\开发\zlkj\zlkj_rh\x64\debug\zlkj_rh.pch
e:\zlkj\开发\zlkj\zlkj_rh\x64\debug\vc142.pdb
e:\zlkj\开发\zlkj\zlkj_rh\x64\debug\stdafx.obj
e:\zlkj\开发\zlkj\zlkj_rh\x64\debug\zlkj_section_grips.obj
e:\zlkj\开发\zlkj\zlkj_rh\x64\debug\zlkj_section_event_watcher.obj
e:\zlkj\开发\zlkj\zlkj_rh\x64\debug\zlkj_sdk.obj
e:\zlkj\开发\zlkj\zlkj_rh\x64\debug\zlkj_rh_plugin.obj
e:\zlkj\开发\zlkj\zlkj_rh\x64\debug\zlkj_rh_app.obj
e:\zlkj\开发\zlkj\zlkj_rh\x64\debug\zlkj_marker_user_data.obj
e:\zlkj\开发\zlkj\zlkj_rh\x64\debug\zlkj_marker_object.obj
e:\zlkj\开发\zlkj\zlkj_rh\x64\debug\zlkj_logo_user_data.obj
e:\zlkj\开发\zlkj\zlkj_rh\x64\debug\zlkj_logo_object.obj
e:\zlkj\开发\zlkj\zlkj_rh\x64\debug\zlkj_logo_event_watcher.obj
e:\zlkj\开发\zlkj\zlkj_rh\x64\debug\zlkj_keel_user_data.obj
e:\zlkj\开发\zlkj\zlkj_rh\x64\debug\zlkj_keel_object.obj
e:\zlkj\开发\zlkj\zlkj_rh\x64\debug\zlkj_get_plane.obj
e:\zlkj\开发\zlkj\zlkj_rh\x64\debug\zlkj_extern_c.obj
e:\zlkj\开发\zlkj\zlkj_rh\x64\debug\cmd_zl_section.obj
e:\zlkj\开发\zlkj\zlkj_rh\x64\debug\cmd_zl_marker_crv.obj
e:\zlkj\开发\zlkj\zlkj_rh\x64\debug\cmd_zl_marker.obj
e:\zlkj\开发\zlkj\zlkj_rh\x64\debug\cmd_zl_logo.obj
e:\zlkj\开发\zlkj\zlkj_rh\x64\debug\cmd_zl_keel.obj
e:\zlkj\开发\zlkj\zlkj_rh\x64\debug\cmd_block_unique.obj
e:\zlkj\开发\zlkj\zlkj_rh\x64\debug\zlkj_section_object.obj
e:\zlkj\开发\zlkj\x64\debug\zlkj_rh.ilk
e:\zlkj\开发\zlkj\x64\debug\zlkj_rh.rhp
e:\zlkj\开发\zlkj\x64\debug\zlkj_rh.pdb
e:\zlkj\开发\zlkj\zlkj_rh\x64\debug\zlkj_rh.res
e:\zlkj\开发\zlkj\x64\debug\zlkj_rh.lib
e:\zlkj\开发\zlkj\x64\debug\zlkj_rh.exp
e:\zlkj\开发\zlkj\zlkj_rh\x64\debug\zlkj_rh.tlog\cl.command.1.tlog
e:\zlkj\开发\zlkj\zlkj_rh\x64\debug\zlkj_rh.tlog\cl.read.1.tlog
e:\zlkj\开发\zlkj\zlkj_rh\x64\debug\zlkj_rh.tlog\cl.write.1.tlog
e:\zlkj\开发\zlkj\zlkj_rh\x64\debug\zlkj_rh.tlog\link.command.1.tlog
e:\zlkj\开发\zlkj\zlkj_rh\x64\debug\zlkj_rh.tlog\link.read.1.tlog
e:\zlkj\开发\zlkj\zlkj_rh\x64\debug\zlkj_rh.tlog\link.write.1.tlog
e:\zlkj\开发\zlkj\zlkj_rh\x64\debug\zlkj_rh.tlog\rc.command.1.tlog
e:\zlkj\开发\zlkj\zlkj_rh\x64\debug\zlkj_rh.tlog\rc.read.1.tlog
e:\zlkj\开发\zlkj\zlkj_rh\x64\debug\zlkj_rh.tlog\rc.write.1.tlog
e:\zlkj\开发\zlkj\zlkj_rh\x64\debug\zlkj_rh.tlog\zlkj_rh.write.1u.tlog
